# JRE version: OpenJDK Runtime Environment (23.0.2+7) (build 23.0.2+7-58)
# Java VM: OpenJDK 64-Bit Server VM (23.0.2+7-58, mixed mode, sharing, tiered, compressed oops, compressed class ptrs, g1 gc, windows-amd64)
GC Precious Log:
 CardTable entry size: 512
 Card Set container configuration: InlinePtr #cards 4 size 8 Array Of Cards #cards 16 size 48 Howl #buckets 8 coarsen threshold 3686 Howl Bitmap #cards 512 size 80 coarsen threshold 460 Card regions per heap region 1 cards per card region 4096
 CPUs: 8 total, 8 available
 Memory: 12054M
 Large Page Support: Disabled
 NUMA Support: Disabled
 Compressed Oops: Enabled (Zero based)
 Heap Region Size: 2M
 Heap Min Capacity: 8M
 Heap Initial Capacity: 190M
 Heap Max Capacity: 3014M
 Pre-touch: Disabled
 Parallel Workers: 8
 Concurrent Workers: 2
 Concurrent Refinement Workers: 8
 Periodic GC: Disabled
Heap:
 garbage-first heap   total reserved 3086336K, committed 55296K, used 34518K [0x0000000743a00000, 0x0000000800000000)
  region size 2048K, 4 young (8192K), 2 survivors (4096K)
 Metaspace       used 73618K, committed 74368K, reserved 1114112K
  class space    used 10203K, committed 10560K, reserved 1048576K
GC Heap History (20 events):
Event: 9.665 GC heap before
{Heap before GC invocations=10 (full 0):
 garbage-first heap   total reserved 3086336K, committed 49152K, used 37374K [0x0000000743a00000, 0x0000000800000000)
  region size 2048K, 10 young (20480K), 2 survivors (4096K)
 Metaspace       used 47884K, committed 48448K, reserved 1114112K
  class space    used 6467K, committed 6720K, reserved 1048576K
}
Event: 9.679 GC heap after
{Heap after GC invocations=11 (full 0):
 garbage-first heap   total reserved 3086336K, committed 49152K, used 22760K [0x0000000743a00000, 0x0000000800000000)
  region size 2048K, 2 young (4096K), 2 survivors (4096K)
 Metaspace       used 47884K, committed 48448K, reserved 1114112K
  class space    used 6467K, committed 6720K, reserved 1048576K
}
Event: 10.955 GC heap before
{Heap before GC invocations=11 (full 0):
 garbage-first heap   total reserved 3086336K, committed 49152K, used 39144K [0x0000000743a00000, 0x0000000800000000)
  region size 2048K, 10 young (20480K), 2 survivors (4096K)
 Metaspace       used 51615K, committed 52224K, reserved 1114112K
  class space    used 6949K, committed 7232K, reserved 1048576K
}
Event: 10.964 GC heap after
{Heap after GC invocations=12 (full 0):
 garbage-first heap   total reserved 3086336K, committed 49152K, used 24087K [0x0000000743a00000, 0x0000000800000000)
  region size 2048K, 1 young (2048K), 1 survivors (2048K)
 Metaspace       used 51615K, committed 52224K, reserved 1114112K
  class space    used 6949K, committed 7232K, reserved 1048576K
}
Event: 12.302 GC heap before
{Heap before GC invocations=12 (full 0):
 garbage-first heap   total reserved 3086336K, committed 49152K, used 38423K [0x0000000743a00000, 0x0000000800000000)
  region size 2048K, 9 young (18432K), 1 survivors (2048K)
 Metaspace       used 57324K, committed 57856K, reserved 1114112K
  class space    used 7882K, committed 8128K, reserved 1048576K
}
Event: 12.310 GC heap after
{Heap after GC invocations=13 (full 0):
 garbage-first heap   total reserved 3086336K, committed 49152K, used 24595K [0x0000000743a00000, 0x0000000800000000)
  region size 2048K, 1 young (2048K), 1 survivors (2048K)
 Metaspace       used 57324K, committed 57856K, reserved 1114112K
  class space    used 7882K, committed 8128K, reserved 1048576K
}
Event: 13.370 GC heap before
{Heap before GC invocations=14 (full 0):
 garbage-first heap   total reserved 3086336K, committed 49152K, used 38931K [0x0000000743a00000, 0x0000000800000000)
  region size 2048K, 9 young (18432K), 1 survivors (2048K)
 Metaspace       used 61269K, committed 61888K, reserved 1114112K
  class space    used 8489K, committed 8768K, reserved 1048576K
}
Event: 13.373 GC heap after
{Heap after GC invocations=15 (full 0):
 garbage-first heap   total reserved 3086336K, committed 49152K, used 25983K [0x0000000743a00000, 0x0000000800000000)
  region size 2048K, 2 young (4096K), 2 survivors (4096K)
 Metaspace       used 61269K, committed 61888K, reserved 1114112K
  class space    used 8489K, committed 8768K, reserved 1048576K
}
Event: 13.849 GC heap before
{Heap before GC invocations=15 (full 0):
 garbage-first heap   total reserved 3086336K, committed 49152K, used 36223K [0x0000000743a00000, 0x0000000800000000)
  region size 2048K, 8 young (16384K), 2 survivors (4096K)
 Metaspace       used 63869K, committed 64448K, reserved 1114112K
  class space    used 8851K, committed 9088K, reserved 1048576K
}
Event: 13.855 GC heap after
{Heap after GC invocations=16 (full 0):
 garbage-first heap   total reserved 3086336K, committed 49152K, used 26498K [0x0000000743a00000, 0x0000000800000000)
  region size 2048K, 1 young (2048K), 1 survivors (2048K)
 Metaspace       used 63869K, committed 64448K, reserved 1114112K
  class space    used 8851K, committed 9088K, reserved 1048576K
}
Event: 14.413 GC heap before
{Heap before GC invocations=16 (full 0):
 garbage-first heap   total reserved 3086336K, committed 49152K, used 38786K [0x0000000743a00000, 0x0000000800000000)
  region size 2048K, 8 young (16384K), 1 survivors (2048K)
 Metaspace       used 65919K, committed 66560K, reserved 1114112K
  class space    used 9147K, committed 9408K, reserved 1048576K
}
Event: 14.417 GC heap after
{Heap after GC invocations=17 (full 0):
 garbage-first heap   total reserved 3086336K, committed 49152K, used 28229K [0x0000000743a00000, 0x0000000800000000)
  region size 2048K, 1 young (2048K), 1 survivors (2048K)
 Metaspace       used 65919K, committed 66560K, reserved 1114112K
  class space    used 9147K, committed 9408K, reserved 1048576K
}
Event: 15.016 GC heap before
{Heap before GC invocations=18 (full 0):
 garbage-first heap   total reserved 3086336K, committed 49152K, used 42565K [0x0000000743a00000, 0x0000000800000000)
  region size 2048K, 8 young (16384K), 1 survivors (2048K)
 Metaspace       used 67931K, committed 68544K, reserved 1114112K
  class space    used 9473K, committed 9728K, reserved 1048576K
}
Event: 15.023 GC heap after
{Heap after GC invocations=19 (full 0):
 garbage-first heap   total reserved 3086336K, committed 49152K, used 29786K [0x0000000743a00000, 0x0000000800000000)
  region size 2048K, 1 young (2048K), 1 survivors (2048K)
 Metaspace       used 67931K, committed 68544K, reserved 1114112K
  class space    used 9473K, committed 9728K, reserved 1048576K
}
Event: 40.535 GC heap before
{Heap before GC invocations=19 (full 0):
 garbage-first heap   total reserved 3086336K, committed 49152K, used 40026K [0x0000000743a00000, 0x0000000800000000)
  region size 2048K, 7 young (14336K), 1 survivors (2048K)
 Metaspace       used 70989K, committed 71680K, reserved 1114112K
  class space    used 9924K, committed 10240K, reserved 1048576K
}
Event: 40.549 GC heap after
{Heap after GC invocations=20 (full 0):
 garbage-first heap   total reserved 3086336K, committed 49152K, used 31082K [0x0000000743a00000, 0x0000000800000000)
  region size 2048K, 1 young (2048K), 1 survivors (2048K)
 Metaspace       used 70989K, committed 71680K, reserved 1114112K
  class space    used 9924K, committed 10240K, reserved 1048576K
}
Event: 1805.845 GC heap before
{Heap before GC invocations=21 (full 0):
 garbage-first heap   total reserved 3086336K, committed 55296K, used 41322K [0x0000000743a00000, 0x0000000800000000)
  region size 2048K, 6 young (12288K), 1 survivors (2048K)
 Metaspace       used 73308K, committed 74048K, reserved 1114112K
  class space    used 10203K, committed 10560K, reserved 1048576K
}
Event: 1805.856 GC heap after
{Heap after GC invocations=22 (full 0):
 garbage-first heap   total reserved 3086336K, committed 55296K, used 31579K [0x0000000743a00000, 0x0000000800000000)
  region size 2048K, 1 young (2048K), 1 survivors (2048K)
 Metaspace       used 73308K, committed 74048K, reserved 1114112K
  class space    used 10203K, committed 10560K, reserved 1048576K
}
Event: 8890.380 GC heap before
{Heap before GC invocations=22 (full 0):
 garbage-first heap   total reserved 3086336K, committed 55296K, used 45915K [0x0000000743a00000, 0x0000000800000000)
  region size 2048K, 9 young (18432K), 1 survivors (2048K)
 Metaspace       used 73589K, committed 74368K, reserved 1114112K
  class space    used 10203K, committed 10560K, reserved 1048576K
}
Event: 8890.390 GC heap after
{Heap after GC invocations=23 (full 0):
 garbage-first heap   total reserved 3086336K, committed 55296K, used 32470K [0x0000000743a00000, 0x0000000800000000)
  region size 2048K, 2 young (4096K), 2 survivors (4096K)
 Metaspace       used 73589K, committed 74368K, reserved 1114112K
  class space    used 10203K, committed 10560K, reserved 1048576K
}

